{
  service: 'ayursutra-api',
  stringValue: `"{ '$expr': '$deliveryPreferences.maxRetries' }"`,
  messageFormat: undefined,
  kind: 'Number',
  value: { '$expr': '$deliveryPreferences.maxRetries' },
  path: 'retryCount',
  reason: AssertionError [ERR_ASSERTION]: The expression evaluated to a falsy value:
  
    assert.ok(!isNaN(val))
  
      at castNumber (C:\Users\tejas\OneDrive\Desktop\SIH\AyurSutra\node_modules\mongoose\lib\cast\number.js:27:10)
      at SchemaNumber.cast (C:\Users\tejas\OneDrive\Desktop\SIH\AyurSutra\node_modules\mongoose\lib\schema\number.js:378:12)
      at SchemaNumber.handleSingle (C:\Users\tejas\OneDrive\Desktop\SIH\AyurSutra\node_modules\mongoose\lib\schema\number.js:389:15)
      at SchemaNumber.castForQuery (C:\Users\tejas\OneDrive\Desktop\SIH\AyurSutra\node_modules\mongoose\lib\schema\number.js:430:20)
      at cast (C:\Users\tejas\OneDrive\Desktop\SIH\AyurSutra\node_modules\mongoose\lib\cast.js:366:39)
      at Query.cast (C:\Users\tejas\OneDrive\Desktop\SIH\AyurSutra\node_modules\mongoose\lib\query.js:4927:12)
      at Query._castConditions (C:\Users\tejas\OneDrive\Desktop\SIH\AyurSutra\node_modules\mongoose\lib\query.js:2237:10)
      at model.Query._find (C:\Users\tejas\OneDrive\Desktop\SIH\AyurSutra\node_modules\mongoose\lib\query.js:2263:8)
      at model.Query.exec (C:\Users\tejas\OneDrive\Desktop\SIH\AyurSutra\node_modules\mongoose\lib\query.js:4447:28)
      at process.processTicksAndRejections (node:internal/process/task_queues:105:5) {
    generatedMessage: true,
    code: 'ERR_ASSERTION',
    actual: false,
    expected: true,
    operator: '=='
  },
  valueType: 'Object',
  model: Model { Notification },
  level: 'error',
  message: `Notification retry job error: Cast to Number failed for value "{ '$expr': '$deliveryPreferences.maxRetries' }" (type Object) at path "retryCount" for model "Notification"`,
  stack: `CastError: Cast to Number failed for value "{ '$expr': '$deliveryPreferences.maxRetries' }" (type Object) at path "retryCount" for model "Notification"\n` +
    '    at SchemaNumber.cast (C:\\Users\\tejas\\OneDrive\\Desktop\\SIH\\AyurSutra\\node_modules\\mongoose\\lib\\schema\\number.js:380:11)\n' +
    '    at SchemaNumber.handleSingle (C:\\Users\\tejas\\OneDrive\\Desktop\\SIH\\AyurSutra\\node_modules\\mongoose\\lib\\schema\\number.js:389:15)\n' +
    '    at SchemaNumber.castForQuery (C:\\Users\\tejas\\OneDrive\\Desktop\\SIH\\AyurSutra\\node_modules\\mongoose\\lib\\schema\\number.js:430:20)\n' +
    '    at cast (C:\\Users\\tejas\\OneDrive\\Desktop\\SIH\\AyurSutra\\node_modules\\mongoose\\lib\\cast.js:366:39)\n' +
    '    at Query.cast (C:\\Users\\tejas\\OneDrive\\Desktop\\SIH\\AyurSutra\\node_modules\\mongoose\\lib\\query.js:4927:12)\n' +
    '    at Query._castConditions (C:\\Users\\tejas\\OneDrive\\Desktop\\SIH\\AyurSutra\\node_modules\\mongoose\\lib\\query.js:2237:10)\n' +
    '    at model.Query._find (C:\\Users\\tejas\\OneDrive\\Desktop\\SIH\\AyurSutra\\node_modules\\mongoose\\lib\\query.js:2263:8)\n' +
    '    at model.Query.exec (C:\\Users\\tejas\\OneDrive\\Desktop\\SIH\\AyurSutra\\node_modules\\mongoose\\lib\\query.js:4447:28)\n' +
    '    at process.processTicksAndRejections (node:internal/process/task_queues:105:5)\n' +
    '    at async CJ.<anonymous> (C:\\Users\\tejas\\OneDrive\\Desktop\\SIH\\AyurSutra\\backend\\services\\notificationService.js:418:36)',
  timestamp: '2025-09-17 19:10:00'
}
{
  service: 'ayursutra-api',
  stringValue: `"{ '$expr': '$deliveryPreferences.maxRetries' }"`,
  messageFormat: undefined,
  kind: 'Number',
  value: { '$expr': '$deliveryPreferences.maxRetries' },
  path: 'retryCount',
  reason: AssertionError [ERR_ASSERTION]: The expression evaluated to a falsy value:
  
    assert.ok(!isNaN(val))
  
      at castNumber (C:\Users\tejas\OneDrive\Desktop\SIH\AyurSutra\node_modules\mongoose\lib\cast\number.js:27:10)
      at SchemaNumber.cast (C:\Users\tejas\OneDrive\Desktop\SIH\AyurSutra\node_modules\mongoose\lib\schema\number.js:378:12)
      at SchemaNumber.handleSingle (C:\Users\tejas\OneDrive\Desktop\SIH\AyurSutra\node_modules\mongoose\lib\schema\number.js:389:15)
      at SchemaNumber.castForQuery (C:\Users\tejas\OneDrive\Desktop\SIH\AyurSutra\node_modules\mongoose\lib\schema\number.js:430:20)
      at cast (C:\Users\tejas\OneDrive\Desktop\SIH\AyurSutra\node_modules\mongoose\lib\cast.js:366:39)
      at Query.cast (C:\Users\tejas\OneDrive\Desktop\SIH\AyurSutra\node_modules\mongoose\lib\query.js:4927:12)
      at Query._castConditions (C:\Users\tejas\OneDrive\Desktop\SIH\AyurSutra\node_modules\mongoose\lib\query.js:2237:10)
      at model.Query._find (C:\Users\tejas\OneDrive\Desktop\SIH\AyurSutra\node_modules\mongoose\lib\query.js:2263:8)
      at model.Query.exec (C:\Users\tejas\OneDrive\Desktop\SIH\AyurSutra\node_modules\mongoose\lib\query.js:4447:28)
      at processTicksAndRejections (node:internal/process/task_queues:105:5) {
    generatedMessage: true,
    code: 'ERR_ASSERTION',
    actual: false,
    expected: true,
    operator: '=='
  },
  valueType: 'Object',
  model: Model { Notification },
  level: 'error',
  message: `Notification retry job error: Cast to Number failed for value "{ '$expr': '$deliveryPreferences.maxRetries' }" (type Object) at path "retryCount" for model "Notification"`,
  stack: `CastError: Cast to Number failed for value "{ '$expr': '$deliveryPreferences.maxRetries' }" (type Object) at path "retryCount" for model "Notification"\n` +
    '    at SchemaNumber.cast (C:\\Users\\tejas\\OneDrive\\Desktop\\SIH\\AyurSutra\\node_modules\\mongoose\\lib\\schema\\number.js:380:11)\n' +
    '    at SchemaNumber.handleSingle (C:\\Users\\tejas\\OneDrive\\Desktop\\SIH\\AyurSutra\\node_modules\\mongoose\\lib\\schema\\number.js:389:15)\n' +
    '    at SchemaNumber.castForQuery (C:\\Users\\tejas\\OneDrive\\Desktop\\SIH\\AyurSutra\\node_modules\\mongoose\\lib\\schema\\number.js:430:20)\n' +
    '    at cast (C:\\Users\\tejas\\OneDrive\\Desktop\\SIH\\AyurSutra\\node_modules\\mongoose\\lib\\cast.js:366:39)\n' +
    '    at Query.cast (C:\\Users\\tejas\\OneDrive\\Desktop\\SIH\\AyurSutra\\node_modules\\mongoose\\lib\\query.js:4927:12)\n' +
    '    at Query._castConditions (C:\\Users\\tejas\\OneDrive\\Desktop\\SIH\\AyurSutra\\node_modules\\mongoose\\lib\\query.js:2237:10)\n' +
    '    at model.Query._find (C:\\Users\\tejas\\OneDrive\\Desktop\\SIH\\AyurSutra\\node_modules\\mongoose\\lib\\query.js:2263:8)\n' +
    '    at model.Query.exec (C:\\Users\\tejas\\OneDrive\\Desktop\\SIH\\AyurSutra\\node_modules\\mongoose\\lib\\query.js:4447:28)\n' +
    '    at processTicksAndRejections (node:internal/process/task_queues:105:5)\n' +
    '    at runNextTicks (node:internal/process/task_queues:69:3)',
  timestamp: '2025-09-17 19:20:00'
}
{
  service: 'ayursutra-api',
  stringValue: `"{ '$expr': '$deliveryPreferences.maxRetries' }"`,
  messageFormat: undefined,
  kind: 'Number',
  value: { '$expr': '$deliveryPreferences.maxRetries' },
  path: 'retryCount',
  reason: AssertionError [ERR_ASSERTION]: The expression evaluated to a falsy value:
  
    assert.ok(!isNaN(val))
  
      at castNumber (C:\Users\tejas\OneDrive\Desktop\SIH\AyurSutra\node_modules\mongoose\lib\cast\number.js:27:10)
      at SchemaNumber.cast (C:\Users\tejas\OneDrive\Desktop\SIH\AyurSutra\node_modules\mongoose\lib\schema\number.js:378:12)
      at SchemaNumber.handleSingle (C:\Users\tejas\OneDrive\Desktop\SIH\AyurSutra\node_modules\mongoose\lib\schema\number.js:389:15)
      at SchemaNumber.castForQuery (C:\Users\tejas\OneDrive\Desktop\SIH\AyurSutra\node_modules\mongoose\lib\schema\number.js:430:20)
      at cast (C:\Users\tejas\OneDrive\Desktop\SIH\AyurSutra\node_modules\mongoose\lib\cast.js:366:39)
      at Query.cast (C:\Users\tejas\OneDrive\Desktop\SIH\AyurSutra\node_modules\mongoose\lib\query.js:4927:12)
      at Query._castConditions (C:\Users\tejas\OneDrive\Desktop\SIH\AyurSutra\node_modules\mongoose\lib\query.js:2237:10)
      at model.Query._find (C:\Users\tejas\OneDrive\Desktop\SIH\AyurSutra\node_modules\mongoose\lib\query.js:2263:8)
      at model.Query.exec (C:\Users\tejas\OneDrive\Desktop\SIH\AyurSutra\node_modules\mongoose\lib\query.js:4447:28)
      at process.processTicksAndRejections (node:internal/process/task_queues:105:5) {
    generatedMessage: true,
    code: 'ERR_ASSERTION',
    actual: false,
    expected: true,
    operator: '=='
  },
  valueType: 'Object',
  model: Model { Notification },
  level: 'error',
  message: `Notification retry job error: Cast to Number failed for value "{ '$expr': '$deliveryPreferences.maxRetries' }" (type Object) at path "retryCount" for model "Notification"`,
  stack: `CastError: Cast to Number failed for value "{ '$expr': '$deliveryPreferences.maxRetries' }" (type Object) at path "retryCount" for model "Notification"\n` +
    '    at SchemaNumber.cast (C:\\Users\\tejas\\OneDrive\\Desktop\\SIH\\AyurSutra\\node_modules\\mongoose\\lib\\schema\\number.js:380:11)\n' +
    '    at SchemaNumber.handleSingle (C:\\Users\\tejas\\OneDrive\\Desktop\\SIH\\AyurSutra\\node_modules\\mongoose\\lib\\schema\\number.js:389:15)\n' +
    '    at SchemaNumber.castForQuery (C:\\Users\\tejas\\OneDrive\\Desktop\\SIH\\AyurSutra\\node_modules\\mongoose\\lib\\schema\\number.js:430:20)\n' +
    '    at cast (C:\\Users\\tejas\\OneDrive\\Desktop\\SIH\\AyurSutra\\node_modules\\mongoose\\lib\\cast.js:366:39)\n' +
    '    at Query.cast (C:\\Users\\tejas\\OneDrive\\Desktop\\SIH\\AyurSutra\\node_modules\\mongoose\\lib\\query.js:4927:12)\n' +
    '    at Query._castConditions (C:\\Users\\tejas\\OneDrive\\Desktop\\SIH\\AyurSutra\\node_modules\\mongoose\\lib\\query.js:2237:10)\n' +
    '    at model.Query._find (C:\\Users\\tejas\\OneDrive\\Desktop\\SIH\\AyurSutra\\node_modules\\mongoose\\lib\\query.js:2263:8)\n' +
    '    at model.Query.exec (C:\\Users\\tejas\\OneDrive\\Desktop\\SIH\\AyurSutra\\node_modules\\mongoose\\lib\\query.js:4447:28)\n' +
    '    at process.processTicksAndRejections (node:internal/process/task_queues:105:5)\n' +
    '    at async CJ.<anonymous> (C:\\Users\\tejas\\OneDrive\\Desktop\\SIH\\AyurSutra\\backend\\services\\notificationService.js:418:36)',
  timestamp: '2025-09-17 20:00:00'
}
{
  service: 'ayursutra-api',
  stringValue: `"{ '$expr': '$deliveryPreferences.maxRetries' }"`,
  messageFormat: undefined,
  kind: 'Number',
  value: { '$expr': '$deliveryPreferences.maxRetries' },
  path: 'retryCount',
  reason: AssertionError [ERR_ASSERTION]: The expression evaluated to a falsy value:
  
    assert.ok(!isNaN(val))
  
      at castNumber (C:\Users\tejas\OneDrive\Desktop\SIH\AyurSutra\node_modules\mongoose\lib\cast\number.js:27:10)
      at SchemaNumber.cast (C:\Users\tejas\OneDrive\Desktop\SIH\AyurSutra\node_modules\mongoose\lib\schema\number.js:378:12)
      at SchemaNumber.handleSingle (C:\Users\tejas\OneDrive\Desktop\SIH\AyurSutra\node_modules\mongoose\lib\schema\number.js:389:15)
      at SchemaNumber.castForQuery (C:\Users\tejas\OneDrive\Desktop\SIH\AyurSutra\node_modules\mongoose\lib\schema\number.js:430:20)
      at cast (C:\Users\tejas\OneDrive\Desktop\SIH\AyurSutra\node_modules\mongoose\lib\cast.js:366:39)
      at Query.cast (C:\Users\tejas\OneDrive\Desktop\SIH\AyurSutra\node_modules\mongoose\lib\query.js:4927:12)
      at Query._castConditions (C:\Users\tejas\OneDrive\Desktop\SIH\AyurSutra\node_modules\mongoose\lib\query.js:2237:10)
      at model.Query._find (C:\Users\tejas\OneDrive\Desktop\SIH\AyurSutra\node_modules\mongoose\lib\query.js:2263:8)
      at model.Query.exec (C:\Users\tejas\OneDrive\Desktop\SIH\AyurSutra\node_modules\mongoose\lib\query.js:4447:28)
      at process.processTicksAndRejections (node:internal/process/task_queues:105:5) {
    generatedMessage: true,
    code: 'ERR_ASSERTION',
    actual: false,
    expected: true,
    operator: '=='
  },
  valueType: 'Object',
  model: Model { Notification },
  level: 'error',
  message: `Notification retry job error: Cast to Number failed for value "{ '$expr': '$deliveryPreferences.maxRetries' }" (type Object) at path "retryCount" for model "Notification"`,
  stack: `CastError: Cast to Number failed for value "{ '$expr': '$deliveryPreferences.maxRetries' }" (type Object) at path "retryCount" for model "Notification"\n` +
    '    at SchemaNumber.cast (C:\\Users\\tejas\\OneDrive\\Desktop\\SIH\\AyurSutra\\node_modules\\mongoose\\lib\\schema\\number.js:380:11)\n' +
    '    at SchemaNumber.handleSingle (C:\\Users\\tejas\\OneDrive\\Desktop\\SIH\\AyurSutra\\node_modules\\mongoose\\lib\\schema\\number.js:389:15)\n' +
    '    at SchemaNumber.castForQuery (C:\\Users\\tejas\\OneDrive\\Desktop\\SIH\\AyurSutra\\node_modules\\mongoose\\lib\\schema\\number.js:430:20)\n' +
    '    at cast (C:\\Users\\tejas\\OneDrive\\Desktop\\SIH\\AyurSutra\\node_modules\\mongoose\\lib\\cast.js:366:39)\n' +
    '    at Query.cast (C:\\Users\\tejas\\OneDrive\\Desktop\\SIH\\AyurSutra\\node_modules\\mongoose\\lib\\query.js:4927:12)\n' +
    '    at Query._castConditions (C:\\Users\\tejas\\OneDrive\\Desktop\\SIH\\AyurSutra\\node_modules\\mongoose\\lib\\query.js:2237:10)\n' +
    '    at model.Query._find (C:\\Users\\tejas\\OneDrive\\Desktop\\SIH\\AyurSutra\\node_modules\\mongoose\\lib\\query.js:2263:8)\n' +
    '    at model.Query.exec (C:\\Users\\tejas\\OneDrive\\Desktop\\SIH\\AyurSutra\\node_modules\\mongoose\\lib\\query.js:4447:28)\n' +
    '    at process.processTicksAndRejections (node:internal/process/task_queues:105:5)\n' +
    '    at async CJ.<anonymous> (C:\\Users\\tejas\\OneDrive\\Desktop\\SIH\\AyurSutra\\backend\\services\\notificationService.js:418:36)',
  timestamp: '2025-09-17 20:10:00'
}
{
  service: 'ayursutra-api',
  stringValue: `"{ '$expr': '$deliveryPreferences.maxRetries' }"`,
  messageFormat: undefined,
  kind: 'Number',
  value: { '$expr': '$deliveryPreferences.maxRetries' },
  path: 'retryCount',
  reason: AssertionError [ERR_ASSERTION]: The expression evaluated to a falsy value:
  
    assert.ok(!isNaN(val))
  
      at castNumber (C:\Users\tejas\OneDrive\Desktop\SIH\AyurSutra\node_modules\mongoose\lib\cast\number.js:27:10)
      at SchemaNumber.cast (C:\Users\tejas\OneDrive\Desktop\SIH\AyurSutra\node_modules\mongoose\lib\schema\number.js:378:12)
      at SchemaNumber.handleSingle (C:\Users\tejas\OneDrive\Desktop\SIH\AyurSutra\node_modules\mongoose\lib\schema\number.js:389:15)
      at SchemaNumber.castForQuery (C:\Users\tejas\OneDrive\Desktop\SIH\AyurSutra\node_modules\mongoose\lib\schema\number.js:430:20)
      at cast (C:\Users\tejas\OneDrive\Desktop\SIH\AyurSutra\node_modules\mongoose\lib\cast.js:366:39)
      at Query.cast (C:\Users\tejas\OneDrive\Desktop\SIH\AyurSutra\node_modules\mongoose\lib\query.js:4927:12)
      at Query._castConditions (C:\Users\tejas\OneDrive\Desktop\SIH\AyurSutra\node_modules\mongoose\lib\query.js:2237:10)
      at model.Query._find (C:\Users\tejas\OneDrive\Desktop\SIH\AyurSutra\node_modules\mongoose\lib\query.js:2263:8)
      at model.Query.exec (C:\Users\tejas\OneDrive\Desktop\SIH\AyurSutra\node_modules\mongoose\lib\query.js:4447:28)
      at process.processTicksAndRejections (node:internal/process/task_queues:105:5) {
    generatedMessage: true,
    code: 'ERR_ASSERTION',
    actual: false,
    expected: true,
    operator: '=='
  },
  valueType: 'Object',
  model: Model { Notification },
  level: 'error',
  message: `Notification retry job error: Cast to Number failed for value "{ '$expr': '$deliveryPreferences.maxRetries' }" (type Object) at path "retryCount" for model "Notification"`,
  stack: `CastError: Cast to Number failed for value "{ '$expr': '$deliveryPreferences.maxRetries' }" (type Object) at path "retryCount" for model "Notification"\n` +
    '    at SchemaNumber.cast (C:\\Users\\tejas\\OneDrive\\Desktop\\SIH\\AyurSutra\\node_modules\\mongoose\\lib\\schema\\number.js:380:11)\n' +
    '    at SchemaNumber.handleSingle (C:\\Users\\tejas\\OneDrive\\Desktop\\SIH\\AyurSutra\\node_modules\\mongoose\\lib\\schema\\number.js:389:15)\n' +
    '    at SchemaNumber.castForQuery (C:\\Users\\tejas\\OneDrive\\Desktop\\SIH\\AyurSutra\\node_modules\\mongoose\\lib\\schema\\number.js:430:20)\n' +
    '    at cast (C:\\Users\\tejas\\OneDrive\\Desktop\\SIH\\AyurSutra\\node_modules\\mongoose\\lib\\cast.js:366:39)\n' +
    '    at Query.cast (C:\\Users\\tejas\\OneDrive\\Desktop\\SIH\\AyurSutra\\node_modules\\mongoose\\lib\\query.js:4927:12)\n' +
    '    at Query._castConditions (C:\\Users\\tejas\\OneDrive\\Desktop\\SIH\\AyurSutra\\node_modules\\mongoose\\lib\\query.js:2237:10)\n' +
    '    at model.Query._find (C:\\Users\\tejas\\OneDrive\\Desktop\\SIH\\AyurSutra\\node_modules\\mongoose\\lib\\query.js:2263:8)\n' +
    '    at model.Query.exec (C:\\Users\\tejas\\OneDrive\\Desktop\\SIH\\AyurSutra\\node_modules\\mongoose\\lib\\query.js:4447:28)\n' +
    '    at process.processTicksAndRejections (node:internal/process/task_queues:105:5)\n' +
    '    at async CJ.<anonymous> (C:\\Users\\tejas\\OneDrive\\Desktop\\SIH\\AyurSutra\\backend\\services\\notificationService.js:418:36)',
  timestamp: '2025-09-17 20:20:00'
}
